INFO (theano.gof.compilelock): Waiting for existing lock by process '23909' (I am process '23819')
INFO (theano.gof.compilelock): To manually release the lock, delete /u/joschnei/.theano/compiledir_Linux-4.15--generic-x86_64-with-debian-buster-sid-x86_64-3.6.10-64/lock_dir
aligned=0, unaligned=100
Working on epsilon=0.0, n=100
After removing duplicates, there are 100 questions.
After epsilon delta filtering there are 10 questions.
After removing redundancies there are 7 questions.
predicted true=43, predicted false=57
Working on epsilon=0.0, n=200
After removing duplicates, there are 200 questions.
After epsilon delta filtering there are 19 questions.
After removing redundancies there are 7 questions.
predicted true=16, predicted false=84
Working on epsilon=0.0, n=300
After removing duplicates, there are 300 questions.
After epsilon delta filtering there are 29 questions.
After removing redundancies there are 10 questions.
predicted true=1, predicted false=99
Working on epsilon=0.0, n=400
After removing duplicates, there are 400 questions.
After epsilon delta filtering there are 45 questions.
After removing redundancies there are 10 questions.
predicted true=0, predicted false=100
Working on epsilon=0.0, n=500
After removing duplicates, there are 500 questions.
After epsilon delta filtering there are 50 questions.
After removing redundancies there are 13 questions.
predicted true=0, predicted false=100
Working on epsilon=0.0, n=1000
After removing duplicates, there are 1000 questions.
After epsilon delta filtering there are 94 questions.
After removing redundancies there are 12 questions.
predicted true=0, predicted false=100
aligned=0, unaligned=100
Working on epsilon=0.1, n=100
After removing duplicates, there are 100 questions.
After epsilon delta filtering there are 4 questions.
After removing redundancies there are 4 questions.
predicted true=32, predicted false=68
Working on epsilon=0.1, n=200
After removing duplicates, there are 200 questions.
After epsilon delta filtering there are 13 questions.
After removing redundancies there are 8 questions.
predicted true=15, predicted false=85
Working on epsilon=0.1, n=300
After removing duplicates, there are 300 questions.
After epsilon delta filtering there are 18 questions.
After removing redundancies there are 8 questions.
predicted true=4, predicted false=96
Working on epsilon=0.1, n=400
After removing duplicates, there are 400 questions.
After epsilon delta filtering there are 26 questions.
After removing redundancies there are 7 questions.
predicted true=3, predicted false=97
Working on epsilon=0.1, n=500
After removing duplicates, there are 500 questions.
After epsilon delta filtering there are 32 questions.
After removing redundancies there are 9 questions.
predicted true=2, predicted false=98
Working on epsilon=0.1, n=1000
After removing duplicates, there are 1000 questions.
After epsilon delta filtering there are 47 questions.
After removing redundancies there are 10 questions.
predicted true=2, predicted false=98
aligned=3, unaligned=97
Working on epsilon=0.2, n=100
After removing duplicates, there are 100 questions.
After epsilon delta filtering there are 0 questions.
Working on epsilon=0.2, n=200
After removing duplicates, there are 200 questions.
After epsilon delta filtering there are 2 questions.
After removing redundancies there are 2 questions.
predicted true=42, predicted false=58
Working on epsilon=0.2, n=300
After removing duplicates, there are 300 questions.
After epsilon delta filtering there are 11 questions.
After removing redundancies there are 7 questions.
predicted true=13, predicted false=87
Working on epsilon=0.2, n=400
After removing duplicates, there are 400 questions.
After epsilon delta filtering there are 23 questions.
After removing redundancies there are 13 questions.
predicted true=13, predicted false=87
Working on epsilon=0.2, n=500
After removing duplicates, there are 500 questions.
After epsilon delta filtering there are 25 questions.
After removing redundancies there are 8 questions.
predicted true=6, predicted false=94
Working on epsilon=0.2, n=1000
After removing duplicates, there are 1000 questions.
After epsilon delta filtering there are 38 questions.
After removing redundancies there are 6 questions.
predicted true=3, predicted false=97
aligned=10, unaligned=90
Working on epsilon=0.3, n=100
After removing duplicates, there are 100 questions.
After epsilon delta filtering there are 0 questions.
Working on epsilon=0.3, n=200
After removing duplicates, there are 200 questions.
After epsilon delta filtering there are 2 questions.
After removing redundancies there are 2 questions.
predicted true=40, predicted false=60
Working on epsilon=0.3, n=300
After removing duplicates, there are 300 questions.
After epsilon delta filtering there are 5 questions.
After removing redundancies there are 5 questions.
predicted true=34, predicted false=66
Working on epsilon=0.3, n=400
After removing duplicates, there are 400 questions.
After epsilon delta filtering there are 15 questions.
After removing redundancies there are 10 questions.
predicted true=14, predicted false=86
Working on epsilon=0.3, n=500
After removing duplicates, there are 500 questions.
After epsilon delta filtering there are 17 questions.
After removing redundancies there are 10 questions.
predicted true=10, predicted false=90
Working on epsilon=0.3, n=1000
After removing duplicates, there are 1000 questions.
After epsilon delta filtering there are 30 questions.
After removing redundancies there are 9 questions.
predicted true=10, predicted false=90
aligned=20, unaligned=80
Working on epsilon=0.4, n=100
After removing duplicates, there are 100 questions.
After epsilon delta filtering there are 0 questions.
Working on epsilon=0.4, n=200
After removing duplicates, there are 200 questions.
After epsilon delta filtering there are 1 questions.
After removing redundancies there are 1 questions.
predicted true=51, predicted false=49
Working on epsilon=0.4, n=300
After removing duplicates, there are 300 questions.
After epsilon delta filtering there are 2 questions.
After removing redundancies there are 2 questions.
predicted true=47, predicted false=53
Working on epsilon=0.4, n=400
After removing duplicates, there are 400 questions.
After epsilon delta filtering there are 10 questions.
After removing redundancies there are 9 questions.
predicted true=44, predicted false=56
Working on epsilon=0.4, n=500
After removing duplicates, there are 500 questions.
After epsilon delta filtering there are 12 questions.
After removing redundancies there are 9 questions.
predicted true=42, predicted false=58
Working on epsilon=0.4, n=1000
After removing duplicates, there are 1000 questions.
After epsilon delta filtering there are 24 questions.
After removing redundancies there are 10 questions.
predicted true=33, predicted false=67
aligned=37, unaligned=63
Working on epsilon=0.5, n=100
After removing duplicates, there are 100 questions.
After epsilon delta filtering there are 0 questions.
Working on epsilon=0.5, n=200
After removing duplicates, there are 200 questions.
After epsilon delta filtering there are 1 questions.
After removing redundancies there are 1 questions.
predicted true=53, predicted false=47
Working on epsilon=0.5, n=300
After removing duplicates, there are 300 questions.
After epsilon delta filtering there are 2 questions.
After removing redundancies there are 2 questions.
predicted true=50, predicted false=50
Working on epsilon=0.5, n=400
After removing duplicates, there are 400 questions.
After epsilon delta filtering there are 9 questions.
After removing redundancies there are 8 questions.
predicted true=41, predicted false=59
Working on epsilon=0.5, n=500
After removing duplicates, there are 500 questions.
After epsilon delta filtering there are 9 questions.
After removing redundancies there are 8 questions.
predicted true=41, predicted false=59
Working on epsilon=0.5, n=1000
After removing duplicates, there are 1000 questions.
After epsilon delta filtering there are 20 questions.
After removing redundancies there are 11 questions.
predicted true=38, predicted false=62
aligned=40, unaligned=60
Working on epsilon=0.6, n=100
After removing duplicates, there are 100 questions.
After epsilon delta filtering there are 0 questions.
Working on epsilon=0.6, n=200
After removing duplicates, there are 200 questions.
After epsilon delta filtering there are 0 questions.
Working on epsilon=0.6, n=300
After removing duplicates, there are 300 questions.
After epsilon delta filtering there are 1 questions.
After removing redundancies there are 1 questions.
predicted true=51, predicted false=49
Working on epsilon=0.6, n=400
After removing duplicates, there are 400 questions.
After epsilon delta filtering there are 9 questions.
After removing redundancies there are 8 questions.
predicted true=40, predicted false=60
Working on epsilon=0.6, n=500
After removing duplicates, there are 500 questions.
After epsilon delta filtering there are 9 questions.
After removing redundancies there are 8 questions.
predicted true=40, predicted false=60
Working on epsilon=0.6, n=1000
After removing duplicates, there are 1000 questions.
After epsilon delta filtering there are 20 questions.
After removing redundancies there are 11 questions.
predicted true=40, predicted false=60
aligned=32, unaligned=68
Working on epsilon=0.7, n=100
After removing duplicates, there are 100 questions.
After epsilon delta filtering there are 0 questions.
Working on epsilon=0.7, n=200
After removing duplicates, there are 200 questions.
After epsilon delta filtering there are 0 questions.
Working on epsilon=0.7, n=300
After removing duplicates, there are 300 questions.
After epsilon delta filtering there are 1 questions.
After removing redundancies there are 1 questions.
predicted true=52, predicted false=48
Working on epsilon=0.7, n=400
After removing duplicates, there are 400 questions.
After epsilon delta filtering there are 8 questions.
After removing redundancies there are 8 questions.
predicted true=42, predicted false=58
Working on epsilon=0.7, n=500
After removing duplicates, there are 500 questions.
After epsilon delta filtering there are 8 questions.
After removing redundancies there are 8 questions.
predicted true=42, predicted false=58
Working on epsilon=0.7, n=1000
After removing duplicates, there are 1000 questions.
After epsilon delta filtering there are 20 questions.
After removing redundancies there are 11 questions.
predicted true=32, predicted false=68
aligned=38, unaligned=62
Working on epsilon=0.8, n=100
After removing duplicates, there are 100 questions.
After epsilon delta filtering there are 0 questions.
Working on epsilon=0.8, n=200
After removing duplicates, there are 200 questions.
After epsilon delta filtering there are 0 questions.
Working on epsilon=0.8, n=300
After removing duplicates, there are 300 questions.
After epsilon delta filtering there are 0 questions.
Working on epsilon=0.8, n=400
After removing duplicates, there are 400 questions.
After epsilon delta filtering there are 8 questions.
After removing redundancies there are 8 questions.
predicted true=41, predicted false=59
Working on epsilon=0.8, n=500
After removing duplicates, there are 500 questions.
After epsilon delta filtering there are 8 questions.
After removing redundancies there are 8 questions.
predicted true=41, predicted false=59
Working on epsilon=0.8, n=1000
After removing duplicates, there are 1000 questions.
After epsilon delta filtering there are 19 questions.
After removing redundancies there are 11 questions.
predicted true=38, predicted false=62
aligned=45, unaligned=55
Working on epsilon=0.9, n=100
After removing duplicates, there are 100 questions.
After epsilon delta filtering there are 0 questions.
Working on epsilon=0.9, n=200
After removing duplicates, there are 200 questions.
After epsilon delta filtering there are 0 questions.
Working on epsilon=0.9, n=300
After removing duplicates, there are 300 questions.
After epsilon delta filtering there are 0 questions.
Working on epsilon=0.9, n=400
After removing duplicates, there are 400 questions.
After epsilon delta filtering there are 7 questions.
After removing redundancies there are 7 questions.
predicted true=45, predicted false=55
Working on epsilon=0.9, n=500
After removing duplicates, there are 500 questions.
After epsilon delta filtering there are 8 questions.
After removing redundancies there are 8 questions.
predicted true=45, predicted false=55
Working on epsilon=0.9, n=1000
After removing duplicates, there are 1000 questions.
After epsilon delta filtering there are 19 questions.
After removing redundancies there are 11 questions.
predicted true=45, predicted false=55
aligned=47, unaligned=53
Working on epsilon=1.0, n=100
After removing duplicates, there are 100 questions.
After epsilon delta filtering there are 0 questions.
Working on epsilon=1.0, n=200
After removing duplicates, there are 200 questions.
After epsilon delta filtering there are 0 questions.
Working on epsilon=1.0, n=300
After removing duplicates, there are 300 questions.
After epsilon delta filtering there are 0 questions.
Working on epsilon=1.0, n=400
After removing duplicates, there are 400 questions.
After epsilon delta filtering there are 7 questions.
After removing redundancies there are 7 questions.
predicted true=47, predicted false=53
Working on epsilon=1.0, n=500
After removing duplicates, there are 500 questions.
After epsilon delta filtering there are 7 questions.
After removing redundancies there are 7 questions.
predicted true=47, predicted false=53
Working on epsilon=1.0, n=1000
After removing duplicates, there are 1000 questions.
After epsilon delta filtering there are 19 questions.
After removing redundancies there are 11 questions.
predicted true=47, predicted false=53
aligned=36, unaligned=64
Working on epsilon=1.1, n=100
After removing duplicates, there are 100 questions.
After epsilon delta filtering there are 0 questions.
Working on epsilon=1.1, n=200
After removing duplicates, there are 200 questions.
After epsilon delta filtering there are 0 questions.
Working on epsilon=1.1, n=300
After removing duplicates, there are 300 questions.
After epsilon delta filtering there are 0 questions.
Working on epsilon=1.1, n=400
After removing duplicates, there are 400 questions.
After epsilon delta filtering there are 7 questions.
After removing redundancies there are 7 questions.
predicted true=38, predicted false=62
Working on epsilon=1.1, n=500
After removing duplicates, there are 500 questions.
After epsilon delta filtering there are 7 questions.
After removing redundancies there are 7 questions.
predicted true=38, predicted false=62
Working on epsilon=1.1, n=1000
After removing duplicates, there are 1000 questions.
After epsilon delta filtering there are 18 questions.
After removing redundancies there are 10 questions.
predicted true=36, predicted false=64
aligned=29, unaligned=71
Working on epsilon=1.2, n=100
After removing duplicates, there are 100 questions.
After epsilon delta filtering there are 0 questions.
Working on epsilon=1.2, n=200
After removing duplicates, there are 200 questions.
After epsilon delta filtering there are 0 questions.
Working on epsilon=1.2, n=300
After removing duplicates, there are 300 questions.
After epsilon delta filtering there are 0 questions.
Working on epsilon=1.2, n=400
After removing duplicates, there are 400 questions.
After epsilon delta filtering there are 7 questions.
After removing redundancies there are 7 questions.
predicted true=30, predicted false=70
Working on epsilon=1.2, n=500
After removing duplicates, there are 500 questions.
After epsilon delta filtering there are 7 questions.
After removing redundancies there are 7 questions.
predicted true=30, predicted false=70
Working on epsilon=1.2, n=1000
After removing duplicates, there are 1000 questions.
After epsilon delta filtering there are 18 questions.
After removing redundancies there are 10 questions.
predicted true=29, predicted false=71
aligned=41, unaligned=59
Working on epsilon=1.3, n=100
After removing duplicates, there are 100 questions.
After epsilon delta filtering there are 0 questions.
Working on epsilon=1.3, n=200
After removing duplicates, there are 200 questions.
After epsilon delta filtering there are 0 questions.
Working on epsilon=1.3, n=300
After removing duplicates, there are 300 questions.
After epsilon delta filtering there are 0 questions.
Working on epsilon=1.3, n=400
After removing duplicates, there are 400 questions.
After epsilon delta filtering there are 7 questions.
After removing redundancies there are 7 questions.
predicted true=42, predicted false=58
Working on epsilon=1.3, n=500
After removing duplicates, there are 500 questions.
After epsilon delta filtering there are 7 questions.
After removing redundancies there are 7 questions.
predicted true=42, predicted false=58
Working on epsilon=1.3, n=1000
After removing duplicates, there are 1000 questions.
After epsilon delta filtering there are 18 questions.
After removing redundancies there are 10 questions.
predicted true=41, predicted false=59
aligned=32, unaligned=68
Working on epsilon=1.4, n=100
After removing duplicates, there are 100 questions.
After epsilon delta filtering there are 0 questions.
Working on epsilon=1.4, n=200
After removing duplicates, there are 200 questions.
After epsilon delta filtering there are 0 questions.
Working on epsilon=1.4, n=300
After removing duplicates, there are 300 questions.
After epsilon delta filtering there are 0 questions.
Working on epsilon=1.4, n=400
After removing duplicates, there are 400 questions.
After epsilon delta filtering there are 7 questions.
After removing redundancies there are 7 questions.
predicted true=37, predicted false=63
Working on epsilon=1.4, n=500
After removing duplicates, there are 500 questions.
After epsilon delta filtering there are 7 questions.
After removing redundancies there are 7 questions.
predicted true=37, predicted false=63
Working on epsilon=1.4, n=1000
After removing duplicates, there are 1000 questions.
After epsilon delta filtering there are 18 questions.
After removing redundancies there are 10 questions.
predicted true=32, predicted false=68
aligned=38, unaligned=62
Working on epsilon=1.5, n=100
After removing duplicates, there are 100 questions.
After epsilon delta filtering there are 0 questions.
Working on epsilon=1.5, n=200
After removing duplicates, there are 200 questions.
After epsilon delta filtering there are 0 questions.
Working on epsilon=1.5, n=300
After removing duplicates, there are 300 questions.
After epsilon delta filtering there are 0 questions.
Working on epsilon=1.5, n=400
After removing duplicates, there are 400 questions.
After epsilon delta filtering there are 6 questions.
After removing redundancies there are 6 questions.
predicted true=40, predicted false=60
Working on epsilon=1.5, n=500
After removing duplicates, there are 500 questions.
After epsilon delta filtering there are 7 questions.
After removing redundancies there are 7 questions.
predicted true=40, predicted false=60
Working on epsilon=1.5, n=1000
After removing duplicates, there are 1000 questions.
After epsilon delta filtering there are 18 questions.
After removing redundancies there are 10 questions.
predicted true=38, predicted false=62
