INFO (theano.gof.compilelock): Waiting for existing lock by process '23887' (I am process '23884')
INFO (theano.gof.compilelock): To manually release the lock, delete /u/joschnei/.theano/compiledir_Linux-4.15--generic-x86_64-with-debian-buster-sid-x86_64-3.6.10-64/lock_dir
INFO (theano.gof.compilelock): Waiting for existing lock by process '23819' (I am process '23884')
INFO (theano.gof.compilelock): To manually release the lock, delete /u/joschnei/.theano/compiledir_Linux-4.15--generic-x86_64-with-debian-buster-sid-x86_64-3.6.10-64/lock_dir
INFO (theano.gof.compilelock): Waiting for existing lock by process '23913' (I am process '23884')
INFO (theano.gof.compilelock): To manually release the lock, delete /u/joschnei/.theano/compiledir_Linux-4.15--generic-x86_64-with-debian-buster-sid-x86_64-3.6.10-64/lock_dir
INFO (theano.gof.compilelock): Waiting for existing lock by process '23898' (I am process '23884')
INFO (theano.gof.compilelock): To manually release the lock, delete /u/joschnei/.theano/compiledir_Linux-4.15--generic-x86_64-with-debian-buster-sid-x86_64-3.6.10-64/lock_dir
INFO (theano.gof.compilelock): Waiting for existing lock by process '23888' (I am process '23884')
INFO (theano.gof.compilelock): To manually release the lock, delete /u/joschnei/.theano/compiledir_Linux-4.15--generic-x86_64-with-debian-buster-sid-x86_64-3.6.10-64/lock_dir
INFO (theano.gof.compilelock): Waiting for existing lock by process '23888' (I am process '23884')
INFO (theano.gof.compilelock): To manually release the lock, delete /u/joschnei/.theano/compiledir_Linux-4.15--generic-x86_64-with-debian-buster-sid-x86_64-3.6.10-64/lock_dir
aligned=0, unaligned=100
Working on epsilon=0.0, n=100
After removing duplicates, there are 100 questions.
After epsilon delta filtering there are 10 questions.
After removing redundancies there are 10 questions.
predicted true=7, predicted false=93
Working on epsilon=0.0, n=200
After removing duplicates, there are 200 questions.
After epsilon delta filtering there are 21 questions.
After removing redundancies there are 11 questions.
predicted true=1, predicted false=99
Working on epsilon=0.0, n=300
After removing duplicates, there are 300 questions.
After epsilon delta filtering there are 30 questions.
After removing redundancies there are 13 questions.
predicted true=0, predicted false=100
Working on epsilon=0.0, n=400
After removing duplicates, there are 400 questions.
After epsilon delta filtering there are 48 questions.
After removing redundancies there are 15 questions.
predicted true=0, predicted false=100
Working on epsilon=0.0, n=500
After removing duplicates, there are 500 questions.
After epsilon delta filtering there are 58 questions.
After removing redundancies there are 12 questions.
predicted true=0, predicted false=100
Working on epsilon=0.0, n=1000
After removing duplicates, there are 1000 questions.
After epsilon delta filtering there are 92 questions.
After removing redundancies there are 15 questions.
predicted true=0, predicted false=100
aligned=0, unaligned=100
Working on epsilon=0.1, n=100
After removing duplicates, there are 100 questions.
After epsilon delta filtering there are 0 questions.
Working on epsilon=0.1, n=200
After removing duplicates, there are 200 questions.
After epsilon delta filtering there are 1 questions.
After removing redundancies there are 1 questions.
predicted true=43, predicted false=57
Working on epsilon=0.1, n=300
After removing duplicates, there are 300 questions.
After epsilon delta filtering there are 17 questions.
After removing redundancies there are 10 questions.
predicted true=1, predicted false=99
Working on epsilon=0.1, n=400
After removing duplicates, there are 400 questions.
After epsilon delta filtering there are 19 questions.
After removing redundancies there are 10 questions.
predicted true=1, predicted false=99
Working on epsilon=0.1, n=500
After removing duplicates, there are 500 questions.
After epsilon delta filtering there are 35 questions.
After removing redundancies there are 11 questions.
predicted true=0, predicted false=100
Working on epsilon=0.1, n=1000
After removing duplicates, there are 1000 questions.
After epsilon delta filtering there are 50 questions.
After removing redundancies there are 13 questions.
predicted true=0, predicted false=100
aligned=1, unaligned=99
Working on epsilon=0.2, n=100
After removing duplicates, there are 100 questions.
After epsilon delta filtering there are 0 questions.
Working on epsilon=0.2, n=200
After removing duplicates, there are 200 questions.
After epsilon delta filtering there are 0 questions.
Working on epsilon=0.2, n=300
After removing duplicates, there are 300 questions.
After epsilon delta filtering there are 2 questions.
After removing redundancies there are 2 questions.
predicted true=19, predicted false=81
Working on epsilon=0.2, n=400
After removing duplicates, there are 400 questions.
After epsilon delta filtering there are 3 questions.
After removing redundancies there are 3 questions.
predicted true=4, predicted false=96
Working on epsilon=0.2, n=500
After removing duplicates, there are 500 questions.
After epsilon delta filtering there are 22 questions.
After removing redundancies there are 9 questions.
predicted true=2, predicted false=98
Working on epsilon=0.2, n=1000
After removing duplicates, there are 1000 questions.
After epsilon delta filtering there are 34 questions.
After removing redundancies there are 10 questions.
predicted true=2, predicted false=98
aligned=3, unaligned=97
Working on epsilon=0.3, n=100
After removing duplicates, there are 100 questions.
After epsilon delta filtering there are 0 questions.
Working on epsilon=0.3, n=200
After removing duplicates, there are 200 questions.
After epsilon delta filtering there are 0 questions.
Working on epsilon=0.3, n=300
After removing duplicates, there are 300 questions.
After epsilon delta filtering there are 0 questions.
Working on epsilon=0.3, n=400
After removing duplicates, there are 400 questions.
After epsilon delta filtering there are 2 questions.
After removing redundancies there are 2 questions.
predicted true=14, predicted false=86
Working on epsilon=0.3, n=500
After removing duplicates, there are 500 questions.
After epsilon delta filtering there are 9 questions.
After removing redundancies there are 6 questions.
predicted true=8, predicted false=92
Working on epsilon=0.3, n=1000
After removing duplicates, there are 1000 questions.
After epsilon delta filtering there are 23 questions.
After removing redundancies there are 7 questions.
predicted true=3, predicted false=97
aligned=11, unaligned=89
Working on epsilon=0.4, n=100
After removing duplicates, there are 100 questions.
After epsilon delta filtering there are 0 questions.
Working on epsilon=0.4, n=200
After removing duplicates, there are 200 questions.
After epsilon delta filtering there are 0 questions.
Working on epsilon=0.4, n=300
After removing duplicates, there are 300 questions.
After epsilon delta filtering there are 0 questions.
Working on epsilon=0.4, n=400
After removing duplicates, there are 400 questions.
After epsilon delta filtering there are 0 questions.
Working on epsilon=0.4, n=500
After removing duplicates, there are 500 questions.
After epsilon delta filtering there are 7 questions.
After removing redundancies there are 7 questions.
predicted true=29, predicted false=71
Working on epsilon=0.4, n=1000
After removing duplicates, there are 1000 questions.
After epsilon delta filtering there are 21 questions.
After removing redundancies there are 9 questions.
predicted true=11, predicted false=89
aligned=32, unaligned=68
Working on epsilon=0.5, n=100
After removing duplicates, there are 100 questions.
After epsilon delta filtering there are 0 questions.
Working on epsilon=0.5, n=200
After removing duplicates, there are 200 questions.
After epsilon delta filtering there are 0 questions.
Working on epsilon=0.5, n=300
After removing duplicates, there are 300 questions.
After epsilon delta filtering there are 0 questions.
Working on epsilon=0.5, n=400
After removing duplicates, there are 400 questions.
After epsilon delta filtering there are 0 questions.
Working on epsilon=0.5, n=500
After removing duplicates, there are 500 questions.
After epsilon delta filtering there are 7 questions.
After removing redundancies there are 7 questions.
predicted true=35, predicted false=65
Working on epsilon=0.5, n=1000
After removing duplicates, there are 1000 questions.
After epsilon delta filtering there are 18 questions.
After removing redundancies there are 11 questions.
predicted true=33, predicted false=67
aligned=34, unaligned=66
Working on epsilon=0.6, n=100
After removing duplicates, there are 100 questions.
After epsilon delta filtering there are 0 questions.
Working on epsilon=0.6, n=200
After removing duplicates, there are 200 questions.
After epsilon delta filtering there are 0 questions.
Working on epsilon=0.6, n=300
After removing duplicates, there are 300 questions.
After epsilon delta filtering there are 0 questions.
Working on epsilon=0.6, n=400
After removing duplicates, there are 400 questions.
After epsilon delta filtering there are 0 questions.
Working on epsilon=0.6, n=500
After removing duplicates, there are 500 questions.
After epsilon delta filtering there are 4 questions.
After removing redundancies there are 4 questions.
predicted true=41, predicted false=59
Working on epsilon=0.6, n=1000
After removing duplicates, there are 1000 questions.
After epsilon delta filtering there are 18 questions.
After removing redundancies there are 11 questions.
predicted true=34, predicted false=66
aligned=41, unaligned=59
Working on epsilon=0.7, n=100
After removing duplicates, there are 100 questions.
After epsilon delta filtering there are 0 questions.
Working on epsilon=0.7, n=200
After removing duplicates, there are 200 questions.
After epsilon delta filtering there are 0 questions.
Working on epsilon=0.7, n=300
After removing duplicates, there are 300 questions.
After epsilon delta filtering there are 0 questions.
Working on epsilon=0.7, n=400
After removing duplicates, there are 400 questions.
After epsilon delta filtering there are 0 questions.
Working on epsilon=0.7, n=500
After removing duplicates, there are 500 questions.
After epsilon delta filtering there are 3 questions.
After removing redundancies there are 3 questions.
predicted true=46, predicted false=54
Working on epsilon=0.7, n=1000
After removing duplicates, there are 1000 questions.
After epsilon delta filtering there are 15 questions.
After removing redundancies there are 12 questions.
predicted true=41, predicted false=59
aligned=37, unaligned=63
Working on epsilon=0.8, n=100
After removing duplicates, there are 100 questions.
After epsilon delta filtering there are 0 questions.
Working on epsilon=0.8, n=200
After removing duplicates, there are 200 questions.
After epsilon delta filtering there are 0 questions.
Working on epsilon=0.8, n=300
After removing duplicates, there are 300 questions.
After epsilon delta filtering there are 0 questions.
Working on epsilon=0.8, n=400
After removing duplicates, there are 400 questions.
After epsilon delta filtering there are 0 questions.
Working on epsilon=0.8, n=500
After removing duplicates, there are 500 questions.
After epsilon delta filtering there are 1 questions.
After removing redundancies there are 1 questions.
predicted true=51, predicted false=49
Working on epsilon=0.8, n=1000
After removing duplicates, there are 1000 questions.
After epsilon delta filtering there are 13 questions.
After removing redundancies there are 10 questions.
predicted true=40, predicted false=60
aligned=44, unaligned=56
Working on epsilon=0.9, n=100
After removing duplicates, there are 100 questions.
After epsilon delta filtering there are 0 questions.
Working on epsilon=0.9, n=200
After removing duplicates, there are 200 questions.
After epsilon delta filtering there are 0 questions.
Working on epsilon=0.9, n=300
After removing duplicates, there are 300 questions.
After epsilon delta filtering there are 0 questions.
Working on epsilon=0.9, n=400
After removing duplicates, there are 400 questions.
After epsilon delta filtering there are 0 questions.
Working on epsilon=0.9, n=500
After removing duplicates, there are 500 questions.
After epsilon delta filtering there are 0 questions.
Working on epsilon=0.9, n=1000
After removing duplicates, there are 1000 questions.
After epsilon delta filtering there are 6 questions.
After removing redundancies there are 6 questions.
predicted true=44, predicted false=56
aligned=53, unaligned=47
Working on epsilon=1.0, n=100
After removing duplicates, there are 100 questions.
After epsilon delta filtering there are 0 questions.
Working on epsilon=1.0, n=200
After removing duplicates, there are 200 questions.
After epsilon delta filtering there are 0 questions.
Working on epsilon=1.0, n=300
After removing duplicates, there are 300 questions.
After epsilon delta filtering there are 0 questions.
Working on epsilon=1.0, n=400
After removing duplicates, there are 400 questions.
After epsilon delta filtering there are 0 questions.
Working on epsilon=1.0, n=500
After removing duplicates, there are 500 questions.
After epsilon delta filtering there are 0 questions.
Working on epsilon=1.0, n=1000
After removing duplicates, there are 1000 questions.
After epsilon delta filtering there are 0 questions.
aligned=100, unaligned=0
Working on epsilon=1.1, n=100
After removing duplicates, there are 100 questions.
After epsilon delta filtering there are 0 questions.
Working on epsilon=1.1, n=200
After removing duplicates, there are 200 questions.
After epsilon delta filtering there are 0 questions.
Working on epsilon=1.1, n=300
After removing duplicates, there are 300 questions.
After epsilon delta filtering there are 0 questions.
Working on epsilon=1.1, n=400
After removing duplicates, there are 400 questions.
After epsilon delta filtering there are 0 questions.
Working on epsilon=1.1, n=500
After removing duplicates, there are 500 questions.
After epsilon delta filtering there are 0 questions.
Working on epsilon=1.1, n=1000
After removing duplicates, there are 1000 questions.
After epsilon delta filtering there are 0 questions.
aligned=100, unaligned=0
Working on epsilon=1.2, n=100
After removing duplicates, there are 100 questions.
After epsilon delta filtering there are 0 questions.
Working on epsilon=1.2, n=200
After removing duplicates, there are 200 questions.
After epsilon delta filtering there are 0 questions.
Working on epsilon=1.2, n=300
After removing duplicates, there are 300 questions.
After epsilon delta filtering there are 0 questions.
Working on epsilon=1.2, n=400
After removing duplicates, there are 400 questions.
After epsilon delta filtering there are 0 questions.
Working on epsilon=1.2, n=500
After removing duplicates, there are 500 questions.
After epsilon delta filtering there are 0 questions.
Working on epsilon=1.2, n=1000
After removing duplicates, there are 1000 questions.
After epsilon delta filtering there are 0 questions.
aligned=100, unaligned=0
Working on epsilon=1.3, n=100
After removing duplicates, there are 100 questions.
After epsilon delta filtering there are 0 questions.
Working on epsilon=1.3, n=200
After removing duplicates, there are 200 questions.
After epsilon delta filtering there are 0 questions.
Working on epsilon=1.3, n=300
After removing duplicates, there are 300 questions.
After epsilon delta filtering there are 0 questions.
Working on epsilon=1.3, n=400
After removing duplicates, there are 400 questions.
After epsilon delta filtering there are 0 questions.
Working on epsilon=1.3, n=500
After removing duplicates, there are 500 questions.
After epsilon delta filtering there are 0 questions.
Working on epsilon=1.3, n=1000
After removing duplicates, there are 1000 questions.
After epsilon delta filtering there are 0 questions.
aligned=100, unaligned=0
Working on epsilon=1.4, n=100
After removing duplicates, there are 100 questions.
After epsilon delta filtering there are 0 questions.
Working on epsilon=1.4, n=200
After removing duplicates, there are 200 questions.
After epsilon delta filtering there are 0 questions.
Working on epsilon=1.4, n=300
After removing duplicates, there are 300 questions.
After epsilon delta filtering there are 0 questions.
Working on epsilon=1.4, n=400
After removing duplicates, there are 400 questions.
After epsilon delta filtering there are 0 questions.
Working on epsilon=1.4, n=500
After removing duplicates, there are 500 questions.
After epsilon delta filtering there are 0 questions.
Working on epsilon=1.4, n=1000
After removing duplicates, there are 1000 questions.
After epsilon delta filtering there are 0 questions.
aligned=100, unaligned=0
Working on epsilon=1.5, n=100
After removing duplicates, there are 100 questions.
After epsilon delta filtering there are 0 questions.
Working on epsilon=1.5, n=200
After removing duplicates, there are 200 questions.
After epsilon delta filtering there are 0 questions.
Working on epsilon=1.5, n=300
After removing duplicates, there are 300 questions.
After epsilon delta filtering there are 0 questions.
Working on epsilon=1.5, n=400
After removing duplicates, there are 400 questions.
After epsilon delta filtering there are 0 questions.
Working on epsilon=1.5, n=500
After removing duplicates, there are 500 questions.
After epsilon delta filtering there are 0 questions.
Working on epsilon=1.5, n=1000
After removing duplicates, there are 1000 questions.
After epsilon delta filtering there are 0 questions.
