aligned=0, unaligned=100
Working on epsilon=0.0, n=100
After removing duplicates, there are 100 questions.
After epsilon delta filtering there are 8 questions.
After removing redundancies there are 8 questions.
predicted true=17, predicted false=83
Working on epsilon=0.0, n=200
After removing duplicates, there are 200 questions.
After epsilon delta filtering there are 22 questions.
After removing redundancies there are 10 questions.
predicted true=3, predicted false=97
Working on epsilon=0.0, n=300
After removing duplicates, there are 300 questions.
After epsilon delta filtering there are 32 questions.
After removing redundancies there are 10 questions.
predicted true=1, predicted false=99
Working on epsilon=0.0, n=400
After removing duplicates, there are 400 questions.
After epsilon delta filtering there are 38 questions.
After removing redundancies there are 11 questions.
predicted true=0, predicted false=100
Working on epsilon=0.0, n=500
After removing duplicates, there are 500 questions.
After epsilon delta filtering there are 44 questions.
After removing redundancies there are 13 questions.
predicted true=0, predicted false=100
Working on epsilon=0.0, n=1000
After removing duplicates, there are 1000 questions.
After epsilon delta filtering there are 94 questions.
After removing redundancies there are 20 questions.
predicted true=0, predicted false=100
aligned=0, unaligned=100
Working on epsilon=0.1, n=100
After removing duplicates, there are 100 questions.
After epsilon delta filtering there are 7 questions.
After removing redundancies there are 7 questions.
predicted true=18, predicted false=82
Working on epsilon=0.1, n=200
After removing duplicates, there are 200 questions.
After epsilon delta filtering there are 11 questions.
After removing redundancies there are 9 questions.
predicted true=15, predicted false=85
Working on epsilon=0.1, n=300
After removing duplicates, there are 300 questions.
After epsilon delta filtering there are 17 questions.
After removing redundancies there are 12 questions.
predicted true=12, predicted false=88
Working on epsilon=0.1, n=400
After removing duplicates, there are 400 questions.
After epsilon delta filtering there are 24 questions.
After removing redundancies there are 10 questions.
predicted true=1, predicted false=99
Working on epsilon=0.1, n=500
After removing duplicates, there are 500 questions.
After epsilon delta filtering there are 32 questions.
After removing redundancies there are 9 questions.
predicted true=0, predicted false=100
Working on epsilon=0.1, n=1000
After removing duplicates, there are 1000 questions.
After epsilon delta filtering there are 45 questions.
After removing redundancies there are 8 questions.
predicted true=0, predicted false=100
aligned=0, unaligned=100
Working on epsilon=0.2, n=100
After removing duplicates, there are 100 questions.
After epsilon delta filtering there are 0 questions.
Working on epsilon=0.2, n=200
After removing duplicates, there are 200 questions.
After epsilon delta filtering there are 7 questions.
After removing redundancies there are 7 questions.
predicted true=17, predicted false=83
Working on epsilon=0.2, n=300
After removing duplicates, there are 300 questions.
After epsilon delta filtering there are 9 questions.
After removing redundancies there are 8 questions.
predicted true=14, predicted false=86
Working on epsilon=0.2, n=400
After removing duplicates, there are 400 questions.
After epsilon delta filtering there are 11 questions.
After removing redundancies there are 9 questions.
predicted true=14, predicted false=86
Working on epsilon=0.2, n=500
After removing duplicates, there are 500 questions.
After epsilon delta filtering there are 20 questions.
After removing redundancies there are 11 questions.
predicted true=1, predicted false=99
Working on epsilon=0.2, n=1000
After removing duplicates, there are 1000 questions.
After epsilon delta filtering there are 38 questions.
After removing redundancies there are 9 questions.
predicted true=0, predicted false=100
aligned=3, unaligned=97
Working on epsilon=0.3, n=100
After removing duplicates, there are 100 questions.
After epsilon delta filtering there are 0 questions.
Working on epsilon=0.3, n=200
After removing duplicates, there are 200 questions.
After epsilon delta filtering there are 3 questions.
After removing redundancies there are 3 questions.
predicted true=42, predicted false=58
Working on epsilon=0.3, n=300
After removing duplicates, there are 300 questions.
After epsilon delta filtering there are 7 questions.
After removing redundancies there are 7 questions.
predicted true=20, predicted false=80
Working on epsilon=0.3, n=400
After removing duplicates, there are 400 questions.
After epsilon delta filtering there are 9 questions.
After removing redundancies there are 8 questions.
predicted true=14, predicted false=86
Working on epsilon=0.3, n=500
After removing duplicates, there are 500 questions.
After epsilon delta filtering there are 14 questions.
After removing redundancies there are 9 questions.
predicted true=14, predicted false=86
Working on epsilon=0.3, n=1000
After removing duplicates, there are 1000 questions.
After epsilon delta filtering there are 28 questions.
After removing redundancies there are 8 questions.
predicted true=11, predicted false=89
aligned=17, unaligned=83
Working on epsilon=0.4, n=100
After removing duplicates, there are 100 questions.
After epsilon delta filtering there are 0 questions.
Working on epsilon=0.4, n=200
After removing duplicates, there are 200 questions.
After epsilon delta filtering there are 4 questions.
After removing redundancies there are 4 questions.
predicted true=41, predicted false=59
Working on epsilon=0.4, n=300
After removing duplicates, there are 300 questions.
After epsilon delta filtering there are 7 questions.
After removing redundancies there are 7 questions.
predicted true=25, predicted false=75
Working on epsilon=0.4, n=400
After removing duplicates, there are 400 questions.
After epsilon delta filtering there are 7 questions.
After removing redundancies there are 7 questions.
predicted true=25, predicted false=75
Working on epsilon=0.4, n=500
After removing duplicates, there are 500 questions.
After epsilon delta filtering there are 12 questions.
After removing redundancies there are 11 questions.
predicted true=25, predicted false=75
Working on epsilon=0.4, n=1000
After removing duplicates, there are 1000 questions.
After epsilon delta filtering there are 26 questions.
After removing redundancies there are 7 questions.
predicted true=17, predicted false=83
aligned=19, unaligned=81
Working on epsilon=0.5, n=100
After removing duplicates, there are 100 questions.
After epsilon delta filtering there are 0 questions.
Working on epsilon=0.5, n=200
After removing duplicates, there are 200 questions.
After epsilon delta filtering there are 1 questions.
After removing redundancies there are 1 questions.
predicted true=50, predicted false=50
Working on epsilon=0.5, n=300
After removing duplicates, there are 300 questions.
After epsilon delta filtering there are 5 questions.
After removing redundancies there are 5 questions.
predicted true=25, predicted false=75
Working on epsilon=0.5, n=400
After removing duplicates, there are 400 questions.
After epsilon delta filtering there are 7 questions.
After removing redundancies there are 7 questions.
predicted true=19, predicted false=81
Working on epsilon=0.5, n=500
After removing duplicates, there are 500 questions.
After epsilon delta filtering there are 12 questions.
After removing redundancies there are 11 questions.
predicted true=19, predicted false=81
Working on epsilon=0.5, n=1000
After removing duplicates, there are 1000 questions.
After epsilon delta filtering there are 24 questions.
After removing redundancies there are 11 questions.
predicted true=19, predicted false=81
aligned=24, unaligned=76
Working on epsilon=0.6, n=100
After removing duplicates, there are 100 questions.
After epsilon delta filtering there are 0 questions.
Working on epsilon=0.6, n=200
After removing duplicates, there are 200 questions.
After epsilon delta filtering there are 0 questions.
Working on epsilon=0.6, n=300
After removing duplicates, there are 300 questions.
After epsilon delta filtering there are 3 questions.
After removing redundancies there are 3 questions.
predicted true=43, predicted false=57
Working on epsilon=0.6, n=400
After removing duplicates, there are 400 questions.
After epsilon delta filtering there are 6 questions.
After removing redundancies there are 6 questions.
predicted true=26, predicted false=74
Working on epsilon=0.6, n=500
After removing duplicates, there are 500 questions.
After epsilon delta filtering there are 12 questions.
After removing redundancies there are 11 questions.
predicted true=24, predicted false=76
Working on epsilon=0.6, n=1000
After removing duplicates, there are 1000 questions.
After epsilon delta filtering there are 24 questions.
After removing redundancies there are 11 questions.
predicted true=24, predicted false=76
aligned=25, unaligned=75
Working on epsilon=0.7, n=100
After removing duplicates, there are 100 questions.
After epsilon delta filtering there are 0 questions.
Working on epsilon=0.7, n=200
After removing duplicates, there are 200 questions.
After epsilon delta filtering there are 0 questions.
Working on epsilon=0.7, n=300
After removing duplicates, there are 300 questions.
After epsilon delta filtering there are 0 questions.
Working on epsilon=0.7, n=400
After removing duplicates, there are 400 questions.
After epsilon delta filtering there are 4 questions.
After removing redundancies there are 4 questions.
predicted true=38, predicted false=62
Working on epsilon=0.7, n=500
After removing duplicates, there are 500 questions.
After epsilon delta filtering there are 9 questions.
After removing redundancies there are 8 questions.
predicted true=37, predicted false=63
Working on epsilon=0.7, n=1000
After removing duplicates, there are 1000 questions.
After epsilon delta filtering there are 24 questions.
After removing redundancies there are 11 questions.
predicted true=25, predicted false=75
aligned=17, unaligned=83
Working on epsilon=0.8, n=100
After removing duplicates, there are 100 questions.
After epsilon delta filtering there are 0 questions.
Working on epsilon=0.8, n=200
After removing duplicates, there are 200 questions.
After epsilon delta filtering there are 0 questions.
Working on epsilon=0.8, n=300
After removing duplicates, there are 300 questions.
After epsilon delta filtering there are 0 questions.
Working on epsilon=0.8, n=400
After removing duplicates, there are 400 questions.
After epsilon delta filtering there are 1 questions.
After removing redundancies there are 1 questions.
predicted true=44, predicted false=56
Working on epsilon=0.8, n=500
After removing duplicates, there are 500 questions.
After epsilon delta filtering there are 9 questions.
After removing redundancies there are 8 questions.
predicted true=27, predicted false=73
Working on epsilon=0.8, n=1000
After removing duplicates, there are 1000 questions.
After epsilon delta filtering there are 21 questions.
After removing redundancies there are 12 questions.
predicted true=23, predicted false=77
aligned=27, unaligned=73
Working on epsilon=0.9, n=100
After removing duplicates, there are 100 questions.
After epsilon delta filtering there are 0 questions.
Working on epsilon=0.9, n=200
After removing duplicates, there are 200 questions.
After epsilon delta filtering there are 0 questions.
Working on epsilon=0.9, n=300
After removing duplicates, there are 300 questions.
After epsilon delta filtering there are 0 questions.
Working on epsilon=0.9, n=400
After removing duplicates, there are 400 questions.
After epsilon delta filtering there are 0 questions.
Working on epsilon=0.9, n=500
After removing duplicates, there are 500 questions.
After epsilon delta filtering there are 8 questions.
After removing redundancies there are 8 questions.
predicted true=31, predicted false=69
Working on epsilon=0.9, n=1000
After removing duplicates, there are 1000 questions.
After epsilon delta filtering there are 21 questions.
After removing redundancies there are 12 questions.
predicted true=27, predicted false=73
aligned=32, unaligned=68
Working on epsilon=1.0, n=100
After removing duplicates, there are 100 questions.
After epsilon delta filtering there are 0 questions.
Working on epsilon=1.0, n=200
After removing duplicates, there are 200 questions.
After epsilon delta filtering there are 0 questions.
Working on epsilon=1.0, n=300
After removing duplicates, there are 300 questions.
After epsilon delta filtering there are 0 questions.
Working on epsilon=1.0, n=400
After removing duplicates, there are 400 questions.
After epsilon delta filtering there are 0 questions.
Working on epsilon=1.0, n=500
After removing duplicates, there are 500 questions.
After epsilon delta filtering there are 6 questions.
After removing redundancies there are 6 questions.
predicted true=45, predicted false=55
Working on epsilon=1.0, n=1000
After removing duplicates, there are 1000 questions.
After epsilon delta filtering there are 19 questions.
After removing redundancies there are 11 questions.
predicted true=37, predicted false=63
aligned=36, unaligned=64
Working on epsilon=1.1, n=100
After removing duplicates, there are 100 questions.
After epsilon delta filtering there are 0 questions.
Working on epsilon=1.1, n=200
After removing duplicates, there are 200 questions.
After epsilon delta filtering there are 0 questions.
Working on epsilon=1.1, n=300
After removing duplicates, there are 300 questions.
After epsilon delta filtering there are 0 questions.
Working on epsilon=1.1, n=400
After removing duplicates, there are 400 questions.
After epsilon delta filtering there are 0 questions.
Working on epsilon=1.1, n=500
After removing duplicates, there are 500 questions.
After epsilon delta filtering there are 0 questions.
Working on epsilon=1.1, n=1000
After removing duplicates, there are 1000 questions.
After epsilon delta filtering there are 15 questions.
After removing redundancies there are 11 questions.
predicted true=38, predicted false=62
aligned=37, unaligned=63
Working on epsilon=1.2, n=100
After removing duplicates, there are 100 questions.
After epsilon delta filtering there are 0 questions.
Working on epsilon=1.2, n=200
After removing duplicates, there are 200 questions.
After epsilon delta filtering there are 0 questions.
Working on epsilon=1.2, n=300
After removing duplicates, there are 300 questions.
After epsilon delta filtering there are 0 questions.
Working on epsilon=1.2, n=400
After removing duplicates, there are 400 questions.
After epsilon delta filtering there are 0 questions.
Working on epsilon=1.2, n=500
After removing duplicates, there are 500 questions.
After epsilon delta filtering there are 0 questions.
Working on epsilon=1.2, n=1000
After removing duplicates, there are 1000 questions.
After epsilon delta filtering there are 7 questions.
After removing redundancies there are 5 questions.
predicted true=39, predicted false=61
aligned=100, unaligned=0
Working on epsilon=1.3, n=100
After removing duplicates, there are 100 questions.
After epsilon delta filtering there are 0 questions.
Working on epsilon=1.3, n=200
After removing duplicates, there are 200 questions.
After epsilon delta filtering there are 0 questions.
Working on epsilon=1.3, n=300
After removing duplicates, there are 300 questions.
After epsilon delta filtering there are 0 questions.
Working on epsilon=1.3, n=400
After removing duplicates, there are 400 questions.
After epsilon delta filtering there are 0 questions.
Working on epsilon=1.3, n=500
After removing duplicates, there are 500 questions.
After epsilon delta filtering there are 0 questions.
Working on epsilon=1.3, n=1000
After removing duplicates, there are 1000 questions.
After epsilon delta filtering there are 0 questions.
aligned=100, unaligned=0
Working on epsilon=1.4, n=100
After removing duplicates, there are 100 questions.
After epsilon delta filtering there are 0 questions.
Working on epsilon=1.4, n=200
After removing duplicates, there are 200 questions.
After epsilon delta filtering there are 0 questions.
Working on epsilon=1.4, n=300
After removing duplicates, there are 300 questions.
After epsilon delta filtering there are 0 questions.
Working on epsilon=1.4, n=400
After removing duplicates, there are 400 questions.
After epsilon delta filtering there are 0 questions.
Working on epsilon=1.4, n=500
After removing duplicates, there are 500 questions.
After epsilon delta filtering there are 0 questions.
Working on epsilon=1.4, n=1000
After removing duplicates, there are 1000 questions.
After epsilon delta filtering there are 0 questions.
aligned=100, unaligned=0
Working on epsilon=1.5, n=100
After removing duplicates, there are 100 questions.
After epsilon delta filtering there are 0 questions.
Working on epsilon=1.5, n=200
After removing duplicates, there are 200 questions.
After epsilon delta filtering there are 0 questions.
Working on epsilon=1.5, n=300
After removing duplicates, there are 300 questions.
After epsilon delta filtering there are 0 questions.
Working on epsilon=1.5, n=400
After removing duplicates, there are 400 questions.
After epsilon delta filtering there are 0 questions.
Working on epsilon=1.5, n=500
After removing duplicates, there are 500 questions.
After epsilon delta filtering there are 0 questions.
Working on epsilon=1.5, n=1000
After removing duplicates, there are 1000 questions.
After epsilon delta filtering there are 0 questions.
