aligned=0, unaligned=100
Working on epsilon=0.0, n=100
After removing duplicates, there are 100 questions.
After epsilon delta filtering there are 7 questions.
After removing redundancies there are 6 questions.
predicted true=6, predicted false=94
Working on epsilon=0.0, n=200
After removing duplicates, there are 200 questions.
After epsilon delta filtering there are 20 questions.
After removing redundancies there are 7 questions.
predicted true=1, predicted false=99
Working on epsilon=0.0, n=300
After removing duplicates, there are 300 questions.
After epsilon delta filtering there are 28 questions.
After removing redundancies there are 10 questions.
predicted true=1, predicted false=99
Working on epsilon=0.0, n=400
After removing duplicates, there are 400 questions.
After epsilon delta filtering there are 43 questions.
After removing redundancies there are 14 questions.
predicted true=1, predicted false=99
Working on epsilon=0.0, n=500
After removing duplicates, there are 500 questions.
After epsilon delta filtering there are 48 questions.
After removing redundancies there are 16 questions.
predicted true=1, predicted false=99
Working on epsilon=0.0, n=1000
After removing duplicates, there are 1000 questions.
After epsilon delta filtering there are 90 questions.
After removing redundancies there are 14 questions.
predicted true=0, predicted false=100
aligned=0, unaligned=100
Working on epsilon=0.1, n=100
After removing duplicates, there are 100 questions.
After epsilon delta filtering there are 1 questions.
After removing redundancies there are 1 questions.
predicted true=46, predicted false=54
Working on epsilon=0.1, n=200
After removing duplicates, there are 200 questions.
After epsilon delta filtering there are 5 questions.
After removing redundancies there are 5 questions.
predicted true=6, predicted false=94
Working on epsilon=0.1, n=300
After removing duplicates, there are 300 questions.
After epsilon delta filtering there are 12 questions.
After removing redundancies there are 7 questions.
predicted true=1, predicted false=99
Working on epsilon=0.1, n=400
After removing duplicates, there are 400 questions.
After epsilon delta filtering there are 18 questions.
After removing redundancies there are 12 questions.
predicted true=1, predicted false=99
Working on epsilon=0.1, n=500
After removing duplicates, there are 500 questions.
After epsilon delta filtering there are 22 questions.
After removing redundancies there are 9 questions.
predicted true=1, predicted false=99
Working on epsilon=0.1, n=1000
After removing duplicates, there are 1000 questions.
After epsilon delta filtering there are 47 questions.
After removing redundancies there are 15 questions.
predicted true=0, predicted false=100
aligned=0, unaligned=100
Working on epsilon=0.2, n=100
After removing duplicates, there are 100 questions.
After epsilon delta filtering there are 0 questions.
Working on epsilon=0.2, n=200
After removing duplicates, there are 200 questions.
After epsilon delta filtering there are 2 questions.
After removing redundancies there are 2 questions.
predicted true=53, predicted false=47
Working on epsilon=0.2, n=300
After removing duplicates, there are 300 questions.
After epsilon delta filtering there are 2 questions.
After removing redundancies there are 2 questions.
predicted true=53, predicted false=47
Working on epsilon=0.2, n=400
After removing duplicates, there are 400 questions.
After epsilon delta filtering there are 7 questions.
After removing redundancies there are 6 questions.
predicted true=9, predicted false=91
Working on epsilon=0.2, n=500
After removing duplicates, there are 500 questions.
After epsilon delta filtering there are 5 questions.
After removing redundancies there are 5 questions.
predicted true=35, predicted false=65
Working on epsilon=0.2, n=1000
After removing duplicates, there are 1000 questions.
After epsilon delta filtering there are 29 questions.
After removing redundancies there are 9 questions.
predicted true=0, predicted false=100
aligned=5, unaligned=95
Working on epsilon=0.3, n=100
After removing duplicates, there are 100 questions.
After epsilon delta filtering there are 0 questions.
Working on epsilon=0.3, n=200
After removing duplicates, there are 200 questions.
After epsilon delta filtering there are 0 questions.
Working on epsilon=0.3, n=300
After removing duplicates, there are 300 questions.
After epsilon delta filtering there are 1 questions.
After removing redundancies there are 1 questions.
predicted true=53, predicted false=47
Working on epsilon=0.3, n=400
After removing duplicates, there are 400 questions.
After epsilon delta filtering there are 2 questions.
After removing redundancies there are 2 questions.
predicted true=51, predicted false=49
Working on epsilon=0.3, n=500
After removing duplicates, there are 500 questions.
After epsilon delta filtering there are 4 questions.
After removing redundancies there are 4 questions.
predicted true=29, predicted false=71
Working on epsilon=0.3, n=1000
After removing duplicates, there are 1000 questions.
After epsilon delta filtering there are 20 questions.
After removing redundancies there are 10 questions.
predicted true=7, predicted false=93
aligned=8, unaligned=92
Working on epsilon=0.4, n=100
After removing duplicates, there are 100 questions.
After epsilon delta filtering there are 0 questions.
Working on epsilon=0.4, n=200
After removing duplicates, there are 200 questions.
After epsilon delta filtering there are 0 questions.
Working on epsilon=0.4, n=300
After removing duplicates, there are 300 questions.
After epsilon delta filtering there are 0 questions.
Working on epsilon=0.4, n=400
After removing duplicates, there are 400 questions.
After epsilon delta filtering there are 1 questions.
After removing redundancies there are 1 questions.
predicted true=53, predicted false=47
Working on epsilon=0.4, n=500
After removing duplicates, there are 500 questions.
After epsilon delta filtering there are 2 questions.
After removing redundancies there are 2 questions.
predicted true=51, predicted false=49
Working on epsilon=0.4, n=1000
After removing duplicates, there are 1000 questions.
After epsilon delta filtering there are 16 questions.
After removing redundancies there are 10 questions.
predicted true=16, predicted false=84
aligned=14, unaligned=86
Working on epsilon=0.5, n=100
After removing duplicates, there are 100 questions.
After epsilon delta filtering there are 0 questions.
Working on epsilon=0.5, n=200
After removing duplicates, there are 200 questions.
After epsilon delta filtering there are 0 questions.
Working on epsilon=0.5, n=300
After removing duplicates, there are 300 questions.
After epsilon delta filtering there are 0 questions.
Working on epsilon=0.5, n=400
After removing duplicates, there are 400 questions.
After epsilon delta filtering there are 1 questions.
After removing redundancies there are 1 questions.
predicted true=60, predicted false=40
Working on epsilon=0.5, n=500
After removing duplicates, there are 500 questions.
After epsilon delta filtering there are 1 questions.
After removing redundancies there are 1 questions.
predicted true=60, predicted false=40
Working on epsilon=0.5, n=1000
After removing duplicates, there are 1000 questions.
After epsilon delta filtering there are 15 questions.
After removing redundancies there are 10 questions.
predicted true=16, predicted false=84
aligned=16, unaligned=84
Working on epsilon=0.6, n=100
After removing duplicates, there are 100 questions.
After epsilon delta filtering there are 0 questions.
Working on epsilon=0.6, n=200
After removing duplicates, there are 200 questions.
After epsilon delta filtering there are 0 questions.
Working on epsilon=0.6, n=300
After removing duplicates, there are 300 questions.
After epsilon delta filtering there are 0 questions.
Working on epsilon=0.6, n=400
After removing duplicates, there are 400 questions.
After epsilon delta filtering there are 0 questions.
Working on epsilon=0.6, n=500
After removing duplicates, there are 500 questions.
After epsilon delta filtering there are 0 questions.
Working on epsilon=0.6, n=1000
After removing duplicates, there are 1000 questions.
After epsilon delta filtering there are 14 questions.
After removing redundancies there are 10 questions.
predicted true=19, predicted false=81
aligned=22, unaligned=78
Working on epsilon=0.7, n=100
After removing duplicates, there are 100 questions.
After epsilon delta filtering there are 0 questions.
Working on epsilon=0.7, n=200
After removing duplicates, there are 200 questions.
After epsilon delta filtering there are 0 questions.
Working on epsilon=0.7, n=300
After removing duplicates, there are 300 questions.
After epsilon delta filtering there are 0 questions.
Working on epsilon=0.7, n=400
After removing duplicates, there are 400 questions.
After epsilon delta filtering there are 0 questions.
Working on epsilon=0.7, n=500
After removing duplicates, there are 500 questions.
After epsilon delta filtering there are 0 questions.
Working on epsilon=0.7, n=1000
After removing duplicates, there are 1000 questions.
After epsilon delta filtering there are 11 questions.
After removing redundancies there are 8 questions.
predicted true=26, predicted false=74
aligned=25, unaligned=75
Working on epsilon=0.8, n=100
After removing duplicates, there are 100 questions.
After epsilon delta filtering there are 0 questions.
Working on epsilon=0.8, n=200
After removing duplicates, there are 200 questions.
After epsilon delta filtering there are 0 questions.
Working on epsilon=0.8, n=300
After removing duplicates, there are 300 questions.
After epsilon delta filtering there are 0 questions.
Working on epsilon=0.8, n=400
After removing duplicates, there are 400 questions.
After epsilon delta filtering there are 0 questions.
Working on epsilon=0.8, n=500
After removing duplicates, there are 500 questions.
After epsilon delta filtering there are 0 questions.
Working on epsilon=0.8, n=1000
After removing duplicates, there are 1000 questions.
After epsilon delta filtering there are 5 questions.
After removing redundancies there are 3 questions.
predicted true=47, predicted false=53
aligned=100, unaligned=0
Working on epsilon=0.9, n=100
After removing duplicates, there are 100 questions.
After epsilon delta filtering there are 0 questions.
Working on epsilon=0.9, n=200
After removing duplicates, there are 200 questions.
After epsilon delta filtering there are 0 questions.
Working on epsilon=0.9, n=300
After removing duplicates, there are 300 questions.
After epsilon delta filtering there are 0 questions.
Working on epsilon=0.9, n=400
After removing duplicates, there are 400 questions.
After epsilon delta filtering there are 0 questions.
Working on epsilon=0.9, n=500
After removing duplicates, there are 500 questions.
After epsilon delta filtering there are 0 questions.
Working on epsilon=0.9, n=1000
After removing duplicates, there are 1000 questions.
After epsilon delta filtering there are 0 questions.
aligned=100, unaligned=0
Working on epsilon=1.0, n=100
After removing duplicates, there are 100 questions.
After epsilon delta filtering there are 0 questions.
Working on epsilon=1.0, n=200
After removing duplicates, there are 200 questions.
After epsilon delta filtering there are 0 questions.
Working on epsilon=1.0, n=300
After removing duplicates, there are 300 questions.
After epsilon delta filtering there are 0 questions.
Working on epsilon=1.0, n=400
After removing duplicates, there are 400 questions.
After epsilon delta filtering there are 0 questions.
Working on epsilon=1.0, n=500
After removing duplicates, there are 500 questions.
After epsilon delta filtering there are 0 questions.
Working on epsilon=1.0, n=1000
After removing duplicates, there are 1000 questions.
After epsilon delta filtering there are 0 questions.
aligned=100, unaligned=0
Working on epsilon=1.1, n=100
After removing duplicates, there are 100 questions.
After epsilon delta filtering there are 0 questions.
Working on epsilon=1.1, n=200
After removing duplicates, there are 200 questions.
After epsilon delta filtering there are 0 questions.
Working on epsilon=1.1, n=300
After removing duplicates, there are 300 questions.
After epsilon delta filtering there are 0 questions.
Working on epsilon=1.1, n=400
After removing duplicates, there are 400 questions.
After epsilon delta filtering there are 0 questions.
Working on epsilon=1.1, n=500
After removing duplicates, there are 500 questions.
After epsilon delta filtering there are 0 questions.
Working on epsilon=1.1, n=1000
After removing duplicates, there are 1000 questions.
After epsilon delta filtering there are 0 questions.
aligned=100, unaligned=0
Working on epsilon=1.2, n=100
After removing duplicates, there are 100 questions.
After epsilon delta filtering there are 0 questions.
Working on epsilon=1.2, n=200
After removing duplicates, there are 200 questions.
After epsilon delta filtering there are 0 questions.
Working on epsilon=1.2, n=300
After removing duplicates, there are 300 questions.
After epsilon delta filtering there are 0 questions.
Working on epsilon=1.2, n=400
After removing duplicates, there are 400 questions.
After epsilon delta filtering there are 0 questions.
Working on epsilon=1.2, n=500
After removing duplicates, there are 500 questions.
After epsilon delta filtering there are 0 questions.
Working on epsilon=1.2, n=1000
After removing duplicates, there are 1000 questions.
After epsilon delta filtering there are 0 questions.
aligned=100, unaligned=0
Working on epsilon=1.3, n=100
After removing duplicates, there are 100 questions.
After epsilon delta filtering there are 0 questions.
Working on epsilon=1.3, n=200
After removing duplicates, there are 200 questions.
After epsilon delta filtering there are 0 questions.
Working on epsilon=1.3, n=300
After removing duplicates, there are 300 questions.
After epsilon delta filtering there are 0 questions.
Working on epsilon=1.3, n=400
After removing duplicates, there are 400 questions.
After epsilon delta filtering there are 0 questions.
Working on epsilon=1.3, n=500
After removing duplicates, there are 500 questions.
After epsilon delta filtering there are 0 questions.
Working on epsilon=1.3, n=1000
After removing duplicates, there are 1000 questions.
After epsilon delta filtering there are 0 questions.
aligned=100, unaligned=0
Working on epsilon=1.4, n=100
After removing duplicates, there are 100 questions.
After epsilon delta filtering there are 0 questions.
Working on epsilon=1.4, n=200
After removing duplicates, there are 200 questions.
After epsilon delta filtering there are 0 questions.
Working on epsilon=1.4, n=300
After removing duplicates, there are 300 questions.
After epsilon delta filtering there are 0 questions.
Working on epsilon=1.4, n=400
After removing duplicates, there are 400 questions.
After epsilon delta filtering there are 0 questions.
Working on epsilon=1.4, n=500
After removing duplicates, there are 500 questions.
After epsilon delta filtering there are 0 questions.
Working on epsilon=1.4, n=1000
After removing duplicates, there are 1000 questions.
After epsilon delta filtering there are 0 questions.
aligned=100, unaligned=0
Working on epsilon=1.5, n=100
After removing duplicates, there are 100 questions.
After epsilon delta filtering there are 0 questions.
Working on epsilon=1.5, n=200
After removing duplicates, there are 200 questions.
After epsilon delta filtering there are 0 questions.
Working on epsilon=1.5, n=300
After removing duplicates, there are 300 questions.
After epsilon delta filtering there are 0 questions.
Working on epsilon=1.5, n=400
After removing duplicates, there are 400 questions.
After epsilon delta filtering there are 0 questions.
Working on epsilon=1.5, n=500
After removing duplicates, there are 500 questions.
After epsilon delta filtering there are 0 questions.
Working on epsilon=1.5, n=1000
After removing duplicates, there are 1000 questions.
After epsilon delta filtering there are 0 questions.
